2025-04-21 00:38:22,478 - INFO - Načítané 15 článkov z TASR
2025-04-21 00:38:22,478 - INFO - Načítané články: 15
2025-04-21 00:38:22,478 - INFO - Spracúvam: V tomto roku je už evidovaných 668 prípadov lymskej boreliózy
2025-04-21 00:38:22,479 - INFO - Spracúvam: Zubári: Denná starostlivosť o ústnu dutinu je pilierom prevencie
2025-04-21 00:38:22,479 - INFO - Spracúvam: RÚVZ: Chren má mnoho vitamínov a podporuje trávenie
2025-04-21 00:38:22,479 - INFO - Spracúvam: ÚVZ pripomína: Nezabúdajte cez sviatky na vyváženú stravu a pohyb
2025-04-21 00:38:22,479 - INFO - Spracúvam: RÚVZ: Na Veľký piatok sa pripravujú ryby, vhodné k tomu sú zemiaky
2025-04-21 00:38:22,479 - INFO - Spracúvam: NÚDCH: Vlani Veľkú noc ošetrili na urgente asi 160 detí denne
2025-04-21 00:38:22,479 - INFO - Spracúvam: Dominuje silný alergén jari breza, zachytili už aj prvý peľ tráv
2025-04-21 00:38:22,479 - INFO - Spracúvam: Inovatívnu liečbu rakoviny prostaty už v SR podstúpili traja pacienti
2025-04-21 00:38:22,479 - INFO - Spracúvam: Rezort zdravotníctva: Pokračujeme v krokoch v prospech pacienta
2025-04-21 00:38:22,479 - INFO - Spracúvam: Darovanie krvnej plazmy môže zachrániť život pacientom s hemofíliou
2025-04-21 00:38:22,479 - INFO - Spracúvam: Asociácia: Práva pacientov sú v čase šetrenia častejšie porušované
2025-04-21 00:38:22,479 - INFO - Spracúvam: Špenát je populárny na Zelený štvrtok, má veľa prospešných látok
2025-04-21 00:38:22,479 - INFO - Spracúvam: Asociácia nemocníc Slovenska: Finančná situácia je napätá
2025-04-21 00:38:22,479 - INFO - Spracúvam: Ministerstvo reagovalo, čo sa týka zákona o psychologickej činnosti
2025-04-21 00:38:22,479 - INFO - Spracúvam: Preventívne sonografické vyšetrenia prsníkov mladých žien sa zrušia
2025-04-21 00:39:37,936 - INFO - Načítané 15 článkov z TASR
2025-04-21 00:39:37,936 - INFO - Načítané články: 15
2025-04-21 00:39:37,936 - INFO - Spracúvam: V tomto roku je už evidovaných 668 prípadov lymskej boreliózy
2025-04-21 00:39:37,936 - INFO - Spracúvam: Zubári: Denná starostlivosť o ústnu dutinu je pilierom prevencie
2025-04-21 00:39:37,936 - INFO - Spracúvam: RÚVZ: Chren má mnoho vitamínov a podporuje trávenie
2025-04-21 00:39:37,936 - INFO - Spracúvam: ÚVZ pripomína: Nezabúdajte cez sviatky na vyváženú stravu a pohyb
2025-04-21 00:39:37,936 - INFO - Spracúvam: RÚVZ: Na Veľký piatok sa pripravujú ryby, vhodné k tomu sú zemiaky
2025-04-21 00:39:37,936 - INFO - Spracúvam: NÚDCH: Vlani Veľkú noc ošetrili na urgente asi 160 detí denne
2025-04-21 00:39:37,936 - INFO - Spracúvam: Dominuje silný alergén jari breza, zachytili už aj prvý peľ tráv
2025-04-21 00:39:37,936 - INFO - Spracúvam: Inovatívnu liečbu rakoviny prostaty už v SR podstúpili traja pacienti
2025-04-21 00:39:37,936 - INFO - Spracúvam: Rezort zdravotníctva: Pokračujeme v krokoch v prospech pacienta
2025-04-21 00:39:37,936 - INFO - Spracúvam: Darovanie krvnej plazmy môže zachrániť život pacientom s hemofíliou
2025-04-21 00:39:37,936 - INFO - Spracúvam: Asociácia: Práva pacientov sú v čase šetrenia častejšie porušované
2025-04-21 00:39:37,936 - INFO - Spracúvam: Špenát je populárny na Zelený štvrtok, má veľa prospešných látok
2025-04-21 00:39:37,936 - INFO - Spracúvam: Asociácia nemocníc Slovenska: Finančná situácia je napätá
2025-04-21 00:39:37,936 - INFO - Spracúvam: Ministerstvo reagovalo, čo sa týka zákona o psychologickej činnosti
2025-04-21 00:39:37,936 - INFO - Spracúvam: Preventívne sonografické vyšetrenia prsníkov mladých žien sa zrušia
2025-04-21 00:42:37,706 - INFO - Načítané 0 článkov z SITA
2025-04-21 00:45:09,132 - INFO - Načítané 0 článkov z SITA
2025-04-21 00:47:20,052 - WARNING - SITA: Žiadne články v RSS feede
2025-04-21 00:47:20,561 - WARNING - Webnoviny: Žiadne články v RSS feede
2025-04-21 00:47:21,275 - WARNING - Topky: Žiadne články v RSS feede
2025-04-21 00:51:09,908 - INFO - Načítané 0 článkov z SME
